<?xml version="1.0" encoding="UTF-8"?>
<!-- Generated by org.testng.reporters.JUnitReportReporter -->
<testsuite hostname="Ayaansh-Kritara" failures="0" tests="3" name="TestClass.TestMethod" time="172.935" errors="0" timestamp="2024-09-04T15:12:21 IST" skipped="0">
  <testcase classname="TestClass.TestMethod" name="test" time="64.614"/>
  <testcase classname="TestClass.TestMethod" name="test" time="54.033"/>
  <testcase classname="TestClass.TestMethod" name="test" time="54.288"/>
</testsuite> <!-- TestClass.TestMethod -->
